<?xml version="1.0" encoding="UTF-8"?>
<!-- Generated by org.testng.reporters.JUnitXMLReporter -->
<testsuite hostname="IMCHLT125" ignored="0" name="Testing Parameterization" tests="80" failures="0" timestamp="31 Dec 2018 08:28:27 GMT" time="278.615" errors="0">
  <testcase name="CreateRepositoryAndDeleteRepository" time="8.378" classname="files.testCases.Repository_Scenarios"/>
  <testcase name="CreateRepositoryAndDeleteRepository" time="3.159" classname="files.testCases.Repository_Scenarios"/>
  <testcase name="CreateRepositoryAndDeleteRepository" time="3.11" classname="files.testCases.Repository_Scenarios"/>
  <testcase name="CreateRepositoryAndDeleteRepository" time="3.026" classname="files.testCases.Repository_Scenarios"/>
  <testcase name="CreateRepositoryAndDeleteRepository" time="2.949" classname="files.testCases.Repository_Scenarios"/>
  <testcase name="CreateRepositoryAndDeleteRepository" time="3.082" classname="files.testCases.Repository_Scenarios"/>
  <testcase name="CreateRepositoryAndDeleteRepository" time="3.043" classname="files.testCases.Repository_Scenarios"/>
  <testcase name="CreateRepositoryAndDeleteRepository" time="3.284" classname="files.testCases.Repository_Scenarios"/>
  <testcase name="CreateRepositoryAndDeleteRepository" time="3.108" classname="files.testCases.Repository_Scenarios"/>
  <testcase name="CreateRepositoryAndDeleteRepository" time="3.064" classname="files.testCases.Repository_Scenarios"/>
  <testcase name="CreateRepositoryAndDeleteRepository" time="3.169" classname="files.testCases.Repository_Scenarios"/>
  <testcase name="CreateRepositoryAndDeleteRepository" time="3.066" classname="files.testCases.Repository_Scenarios"/>
  <testcase name="CreateRepositoryAndDeleteRepository" time="2.978" classname="files.testCases.Repository_Scenarios"/>
  <testcase name="CreateRepositoryAndDeleteRepository" time="3.284" classname="files.testCases.Repository_Scenarios"/>
  <testcase name="CreateRepositoryAndDeleteRepository" time="3.318" classname="files.testCases.Repository_Scenarios"/>
  <testcase name="CreateRepositoryAndDeleteRepository" time="3.189" classname="files.testCases.Repository_Scenarios"/>
  <testcase name="CreateRepositoryAndDeleteRepository" time="6.152" classname="files.testCases.Repository_Scenarios"/>
  <testcase name="CreateRepositoryAndDeleteRepository" time="3.107" classname="files.testCases.Repository_Scenarios"/>
  <testcase name="CreateRepositoryAndDeleteRepository" time="3.011" classname="files.testCases.Repository_Scenarios"/>
  <testcase name="CreateRepositoryAndDeleteRepository" time="3.331" classname="files.testCases.Repository_Scenarios"/>
  <testcase name="CreateRepositoryAndDeleteRepositoryUsingExcelDataProvider" time="3.042" classname="files.testCases.Repository_Scenarios"/>
  <testcase name="CreateRepositoryAndDeleteRepositoryUsingExcelDataProvider" time="3.069" classname="files.testCases.Repository_Scenarios"/>
  <testcase name="CreateRepositoryAndDeleteRepositoryUsingExcelDataProvider" time="2.984" classname="files.testCases.Repository_Scenarios"/>
  <testcase name="CreateRepositoryAndDeleteRepositoryUsingExcelDataProvider" time="2.967" classname="files.testCases.Repository_Scenarios"/>
  <testcase name="CreateRepositoryAndDeleteRepositoryUsingExcelDataProvider" time="3.015" classname="files.testCases.Repository_Scenarios"/>
  <testcase name="CreateRepositoryAndDeleteRepositoryUsingExcelDataProvider" time="3.028" classname="files.testCases.Repository_Scenarios"/>
  <testcase name="CreateRepositoryAndDeleteRepositoryUsingExcelDataProvider" time="3.64" classname="files.testCases.Repository_Scenarios"/>
  <testcase name="CreateRepositoryAndDeleteRepositoryUsingExcelDataProvider" time="3.042" classname="files.testCases.Repository_Scenarios"/>
  <testcase name="CreateRepositoryAndDeleteRepositoryUsingExcelDataProvider" time="3.11" classname="files.testCases.Repository_Scenarios"/>
  <testcase name="CreateRepositoryAndDeleteRepositoryUsingExcelDataProvider" time="3.112" classname="files.testCases.Repository_Scenarios"/>
  <testcase name="CreateRepositoryAndDeleteRepositoryUsingExcelDataProvider" time="3.37" classname="files.testCases.Repository_Scenarios"/>
  <testcase name="CreateRepositoryAndDeleteRepositoryUsingExcelDataProvider" time="3.002" classname="files.testCases.Repository_Scenarios"/>
  <testcase name="CreateRepositoryAndDeleteRepositoryUsingExcelDataProvider" time="3.152" classname="files.testCases.Repository_Scenarios"/>
  <testcase name="CreateRepositoryAndDeleteRepositoryUsingExcelDataProvider" time="3.487" classname="files.testCases.Repository_Scenarios"/>
  <testcase name="CreateRepositoryAndDeleteRepositoryUsingExcelDataProvider" time="3.376" classname="files.testCases.Repository_Scenarios"/>
  <testcase name="CreateRepositoryAndDeleteRepositoryUsingExcelDataProvider" time="3.108" classname="files.testCases.Repository_Scenarios"/>
  <testcase name="CreateRepositoryAndDeleteRepositoryUsingExcelDataProvider" time="3.187" classname="files.testCases.Repository_Scenarios"/>
  <testcase name="CreateRepositoryAndDeleteRepositoryUsingExcelDataProvider" time="2.222" classname="files.testCases.Repository_Scenarios"/>
  <testcase name="CreateRepositoryAndDeleteRepositoryUsingExcelDataProvider" time="1.845" classname="files.testCases.Repository_Scenarios"/>
  <testcase name="CreateRepositoryAndDeleteRepositoryUsingExcelDataProvider" time="1.753" classname="files.testCases.Repository_Scenarios"/>
  <testcase name="CreateRepositoryAndDeleteRepositoryUsingParameter" time="1.799" classname="files.testCases.Repository_Scenarios"/>
  <testcase name="CreateRepositoryAndDeleteRepositoryUsingParameter" time="1.682" classname="files.testCases.Repository_Scenarios"/>
  <testcase name="CreateRepositoryAndDeleteRepositoryUsingParameter" time="1.763" classname="files.testCases.Repository_Scenarios"/>
  <testcase name="CreateRepositoryAndDeleteRepositoryUsingParameter" time="1.749" classname="files.testCases.Repository_Scenarios"/>
  <testcase name="CreateRepositoryAndDeleteRepositoryUsingParameter" time="1.92" classname="files.testCases.Repository_Scenarios"/>
  <testcase name="CreateRepositoryAndDeleteRepositoryUsingParameter" time="1.799" classname="files.testCases.Repository_Scenarios"/>
  <testcase name="CreateRepositoryAndDeleteRepositoryUsingParameter" time="1.717" classname="files.testCases.Repository_Scenarios"/>
  <testcase name="CreateRepositoryAndDeleteRepositoryUsingParameter" time="2.082" classname="files.testCases.Repository_Scenarios"/>
  <testcase name="CreateRepositoryAndDeleteRepositoryUsingParameter" time="1.783" classname="files.testCases.Repository_Scenarios"/>
  <testcase name="CreateRepositoryAndDeleteRepositoryUsingParameter" time="1.636" classname="files.testCases.Repository_Scenarios"/>
  <testcase name="CreateRepositoryAndDeleteRepositoryUsingParameter" time="1.723" classname="files.testCases.Repository_Scenarios"/>
  <testcase name="CreateRepositoryAndDeleteRepositoryUsingParameter" time="2.182" classname="files.testCases.Repository_Scenarios"/>
  <testcase name="CreateRepositoryAndDeleteRepositoryUsingParameter" time="1.687" classname="files.testCases.Repository_Scenarios"/>
  <testcase name="CreateRepositoryAndDeleteRepositoryUsingParameter" time="2.449" classname="files.testCases.Repository_Scenarios"/>
  <testcase name="CreateRepositoryAndDeleteRepositoryUsingParameter" time="2.946" classname="files.testCases.Repository_Scenarios"/>
  <testcase name="CreateRepositoryAndDeleteRepositoryUsingParameter" time="3.155" classname="files.testCases.Repository_Scenarios"/>
  <testcase name="CreateRepositoryAndDeleteRepositoryUsingParameter" time="3.033" classname="files.testCases.Repository_Scenarios"/>
  <testcase name="CreateRepositoryAndDeleteRepositoryUsingParameter" time="3.285" classname="files.testCases.Repository_Scenarios"/>
  <testcase name="CreateRepositoryAndDeleteRepositoryUsingParameter" time="3.54" classname="files.testCases.Repository_Scenarios"/>
  <testcase name="CreateRepositoryAndDeleteRepositoryUsingParameter" time="2.996" classname="files.testCases.Repository_Scenarios"/>
  <testcase name="CreateRepositoryAndListoutReposAndEdit" time="4.488" classname="files.testCases.Repository_Scenarios"/>
  <testcase name="CreateRepositoryAndListoutReposAndEdit" time="4.38" classname="files.testCases.Repository_Scenarios"/>
  <testcase name="CreateRepositoryAndListoutReposAndEdit" time="4.595" classname="files.testCases.Repository_Scenarios"/>
  <testcase name="CreateRepositoryAndListoutReposAndEdit" time="5.132" classname="files.testCases.Repository_Scenarios"/>
  <testcase name="CreateRepositoryAndListoutReposAndEdit" time="7.683" classname="files.testCases.Repository_Scenarios"/>
  <testcase name="CreateRepositoryAndListoutReposAndEdit" time="4.597" classname="files.testCases.Repository_Scenarios"/>
  <testcase name="CreateRepositoryAndListoutReposAndEdit" time="7.58" classname="files.testCases.Repository_Scenarios"/>
  <testcase name="CreateRepositoryAndListoutReposAndEdit" time="4.884" classname="files.testCases.Repository_Scenarios"/>
  <testcase name="CreateRepositoryAndListoutReposAndEdit" time="7.765" classname="files.testCases.Repository_Scenarios"/>
  <testcase name="CreateRepositoryAndListoutReposAndEdit" time="4.757" classname="files.testCases.Repository_Scenarios"/>
  <testcase name="CreateRepositoryAndListoutReposAndEdit" time="4.673" classname="files.testCases.Repository_Scenarios"/>
  <testcase name="CreateRepositoryAndListoutReposAndEdit" time="4.443" classname="files.testCases.Repository_Scenarios"/>
  <testcase name="CreateRepositoryAndListoutReposAndEdit" time="4.387" classname="files.testCases.Repository_Scenarios"/>
  <testcase name="CreateRepositoryAndListoutReposAndEdit" time="5.046" classname="files.testCases.Repository_Scenarios"/>
  <testcase name="CreateRepositoryAndListoutReposAndEdit" time="5.535" classname="files.testCases.Repository_Scenarios"/>
  <testcase name="CreateRepositoryAndListoutReposAndEdit" time="4.689" classname="files.testCases.Repository_Scenarios"/>
  <testcase name="CreateRepositoryAndListoutReposAndEdit" time="4.435" classname="files.testCases.Repository_Scenarios"/>
  <testcase name="CreateRepositoryAndListoutReposAndEdit" time="4.707" classname="files.testCases.Repository_Scenarios"/>
  <testcase name="CreateRepositoryAndListoutReposAndEdit" time="5.127" classname="files.testCases.Repository_Scenarios"/>
  <testcase name="CreateRepositoryAndListoutReposAndEdit" time="4.392" classname="files.testCases.Repository_Scenarios"/>
</testsuite> <!-- Testing Parameterization -->
